2025-05-22 22:54:05[main] INFO com.ui.listeners.TestListners Test suit Started 
2025-05-22 22:54:05[main] INFO com.ui.pages.SignupAndLoginPage Lunching browser  CHROME 
2025-05-22 22:54:06[main] INFO com.ui.pages.SignupAndLoginPage Visiting the website https://automationexercise.com/signup 
2025-05-22 22:54:09[main] INFO com.ui.listeners.TestListners registrationTest 
2025-05-22 22:54:09[main] INFO com.ui.listeners.TestListners verfiy the registraion details for signin 
2025-05-22 22:54:09[main] INFO com.ui.listeners.TestListners [smoke, e2e, sanity] 
2025-05-22 22:54:10[main] INFO com.ui.pages.SignupAndLoginPage Enter Name and maild on Sign in page for registriaon 
2025-05-22 22:54:10[main] INFO com.ui.pages.SignupAndLoginPage Finding Element with the locator By.name: name 
2025-05-22 22:54:10[main] INFO com.ui.pages.SignupAndLoginPage Found the element and enter floria.huels 
2025-05-22 22:54:10[main] INFO com.ui.pages.SignupAndLoginPage Finding Element with the locator By.xpath: //input[@data-qa="signup-email"] 
2025-05-22 22:54:10[main] INFO com.ui.pages.SignupAndLoginPage Found the element and enter thea.goodwin@yahoo.com 
2025-05-22 22:54:10[main] INFO com.ui.pages.SignupAndLoginPage Finding Element with the locator By.xpath: //button[text()="Signup"] 
2025-05-22 22:54:10[main] INFO com.ui.pages.SignupAndLoginPage Element found and now performing click By.xpath: //button[text()="Signup"] 
2025-05-22 22:54:10[main] INFO com.ui.pages.RegistrationPage For Signing  creation fill the all the deatils 
2025-05-22 22:54:10[main] INFO com.ui.pages.RegistrationPage Finding Element with the locator By.xpath: //input[@id="id_gender1"] 
2025-05-22 22:54:11[main] INFO com.ui.pages.RegistrationPage Element found and now performing click By.xpath: //input[@id="id_gender1"] 
2025-05-22 22:54:11[main] INFO com.ui.pages.RegistrationPage Finding Element with the locator By.xpath: //input[@id="password"] 
2025-05-22 22:54:11[main] INFO com.ui.pages.RegistrationPage Found the element and enter Password 
2025-05-22 22:54:11[main] INFO com.ui.pages.RegistrationPage Finding Element with the locator By.id: days 
2025-05-22 22:54:12[main] INFO com.ui.pages.RegistrationPage Found the  12 
2025-05-22 22:54:12[main] INFO com.ui.pages.RegistrationPage Finding Element with the locator By.id: months 
2025-05-22 22:54:12[main] INFO com.ui.pages.RegistrationPage Found the  March 
2025-05-22 22:54:12[main] INFO com.ui.pages.RegistrationPage Finding Element with the locator By.id: years 
2025-05-22 22:54:12[main] INFO com.ui.pages.RegistrationPage Found the  1991 
2025-05-22 22:54:12[main] INFO com.ui.pages.RegistrationPage Finding Element with the locator By.xpath: //div[@class="checkbox"] 
2025-05-22 22:54:12[main] INFO com.ui.pages.RegistrationPage Javascript has performed for find element [[ChromeDriver: chrome on windows (5369308fb0e8f6108e2b43517507977b)] -> xpath: //div[@class="checkbox"]] 
2025-05-22 22:54:12[main] INFO com.ui.pages.RegistrationPage Finding Element with the locator By.xpath: //input[@id="optin"] 
2025-05-22 22:54:12[main] INFO com.ui.pages.RegistrationPage Javascript has performed for find element [[ChromeDriver: chrome on windows (5369308fb0e8f6108e2b43517507977b)] -> xpath: //input[@id="optin"]] 
2025-05-22 22:54:12[main] INFO com.ui.pages.RegistrationPage Finding Element with the locator By.id: first_name 
2025-05-22 22:54:12[main] INFO com.ui.pages.RegistrationPage Found the element and enter Dale 
2025-05-22 22:54:12[main] INFO com.ui.pages.RegistrationPage Finding Element with the locator By.id: last_name 
2025-05-22 22:54:12[main] INFO com.ui.pages.RegistrationPage Found the element and enter Hand 
2025-05-22 22:54:12[main] INFO com.ui.pages.RegistrationPage Finding Element with the locator By.xpath: //input[@id="company"] 
2025-05-22 22:54:12[main] INFO com.ui.pages.RegistrationPage Found the element and enter Emard-Tromp 
2025-05-22 22:54:12[main] INFO com.ui.pages.RegistrationPage Finding Element with the locator By.xpath: //input[@id="address1"] 
2025-05-22 22:54:12[main] INFO com.ui.pages.RegistrationPage Found the element and enter 17713 
2025-05-22 22:54:12[main] INFO com.ui.pages.RegistrationPage Finding Element with the locator By.xpath: //input[@id="address2"] 
2025-05-22 22:54:12[main] INFO com.ui.pages.RegistrationPage Found the element and enter 875 Nicky Stream 
2025-05-22 22:54:12[main] INFO com.ui.pages.RegistrationPage Finding Element with the locator By.xpath: //input[@id="state"] 
2025-05-22 22:54:12[main] INFO com.ui.pages.RegistrationPage Found the element and enter Indiana 
2025-05-22 22:54:12[main] INFO com.ui.pages.RegistrationPage Finding Element with the locator By.xpath: //input[@id="city"] 
2025-05-22 22:54:12[main] INFO com.ui.pages.RegistrationPage Found the element and enter Port Dorseyview 
2025-05-22 22:54:12[main] INFO com.ui.pages.RegistrationPage Finding Element with the locator By.xpath: //input[@id="zipcode"] 
2025-05-22 22:54:13[main] INFO com.ui.pages.RegistrationPage Found the element and enter 55602-1416 
2025-05-22 22:54:13[main] INFO com.ui.pages.RegistrationPage Finding Element with the locator By.xpath: //input[@id="mobile_number"] 
2025-05-22 22:54:13[main] INFO com.ui.pages.RegistrationPage Found the element and enter 970.253.2253 
2025-05-22 22:54:13[main] INFO com.ui.pages.RegistrationPage Finding Element with the locator By.xpath: //input[@value="create_account"]/following-sibling::button 
2025-05-22 22:54:14[main] INFO com.ui.pages.RegistrationPage Element found and now performing click By.xpath: //input[@value="create_account"]/following-sibling::button 
2025-05-22 22:54:14[main] INFO com.ui.pages.RegistrationPage For login all the the detials has filled 
2025-05-22 22:54:14[main] INFO com.ui.pages.AccountCreated Account details has filled 
2025-05-22 22:54:14[main] INFO com.ui.pages.AccountCreated Finding Element with the locator By.xpath: //a[text()="Continue"] 
2025-05-22 22:54:25[main] INFO com.ui.pages.AccountCreated Element found and now performing click By.xpath: //a[text()="Continue"] 
2025-05-22 22:54:25[main] INFO com.ui.pages.AccountCreated Account has created Successfully 
2025-05-22 22:54:25[main] INFO com.ui.listeners.TestListners registrationTest PASSED 
2025-05-22 22:54:25[main] INFO com.ui.listeners.TestListners Test suit Completed 
